<?xml version="1.0" encoding="UTF-8"?>
<testsuite xmlns:xsi="http://www.w3.org/2001/XMLSchema-instance" xsi:schemaLocation="https://maven.apache.org/surefire/maven-surefire-plugin/xsd/surefire-test-report.xsd" name="runner.RunCukesTest" time="53.975" tests="3" errors="1" skipped="0" failures="2">
  <properties>
[...]
</properties>
  <testcase name="Validar detalhes dos cursos encontrados Por Professsor" classname="Busca, filtragem e exibicao de detalhe dos cursos na homepage" time="26.973">
    <failure message="Curso: Assinatura Ilimitada 1 Ano - Cartão até 12 x&#10;Valor parcelado na pagina de listagem: 12 x R$ 199.97 = R$ 2400&#10;Valor total na pagina de detalhes: R$ 2399.64" type="java.lang.AssertionError">java.lang.AssertionError: 
Curso: Assinatura Ilimitada 1 Ano - Cartão até 12 x
Valor parcelado na pagina de listagem: 12 x R$ 199.97 = R$ 2400
Valor total na pagina de detalhes: R$ 2399.64
</failure>
    <system-err><![CDATA[Starting ChromeDriver 81.0.4044.69 (6813546031a4bc83f717a2ef7cd4ac6ec1199132-refs/branch-heads/4044@{#776}) on port 32967
Only local connections are allowed.
Please protect ports used by ChromeDriver and related test frameworks to prevent access by malicious code.
mai 10, 2020 3:47:51 PM org.openqa.selenium.remote.ProtocolHandshake createSession
INFORMAÇÕES: Detected dialect: W3C
[1589136472.101][SEVERE]: Timed out receiving message from renderer: 0.100
[1589136479.456][SEVERE]: Timed out receiving message from renderer: 0.100
]]></system-err>
  </testcase>
  <testcase name="Validar filtros do resultado de busca" classname="Busca, filtragem e exibicao de detalhe dos cursos na homepage" time="3.439">
    <error message="stale element reference: element is not attached to the page document&#10;  (Session info: chrome=81.0.4044.138)&#10;For documentation on this error, please visit: https://www.seleniumhq.org/exceptions/stale_element_reference.html&#10;Build info: version: &apos;3.141.59&apos;, revision: &apos;e82be7d358&apos;, time: &apos;2018-11-14T08:17:03&apos;&#10;System info: host: &apos;NOX-PC&apos;, ip: &apos;192.168.0.154&apos;, os.name: &apos;Windows 10&apos;, os.arch: &apos;amd64&apos;, os.version: &apos;10.0&apos;, java.version: &apos;1.8.0_231&apos;&#10;Driver info: org.openqa.selenium.chrome.ChromeDriver&#10;Capabilities {acceptInsecureCerts: false, browserName: chrome, browserVersion: 81.0.4044.138, chrome: {chromedriverVersion: 81.0.4044.69 (6813546031a4b..., userDataDir: C:\Users\rafae\AppData\Loca...}, goog:chromeOptions: {debuggerAddress: localhost:59669}, javascriptEnabled: true, networkConnectionEnabled: false, pageLoadStrategy: normal, platform: WINDOWS, platformName: WINDOWS, proxy: Proxy(), setWindowRect: true, strictFileInteractability: false, timeouts: {implicit: 0, pageLoad: 300000, script: 30000}, unhandledPromptBehavior: dismiss and notify, webauthn:virtualAuthenticators: true}&#10;Session ID: 76fee0373c01a4f35a20042fdf2ee23a" type="org.openqa.selenium.StaleElementReferenceException">org.openqa.selenium.StaleElementReferenceException: 
stale element reference: element is not attached to the page document
  (Session info: chrome=81.0.4044.138)
For documentation on this error, please visit: https://www.seleniumhq.org/exceptions/stale_element_reference.html
Build info: version: '3.141.59', revision: 'e82be7d358', time: '2018-11-14T08:17:03'
System info: host: 'NOX-PC', ip: '192.168.0.154', os.name: 'Windows 10', os.arch: 'amd64', os.version: '10.0', java.version: '1.8.0_231'
Driver info: org.openqa.selenium.chrome.ChromeDriver
Capabilities {acceptInsecureCerts: false, browserName: chrome, browserVersion: 81.0.4044.138, chrome: {chromedriverVersion: 81.0.4044.69 (6813546031a4b..., userDataDir: C:\Users\rafae\AppData\Loca...}, goog:chromeOptions: {debuggerAddress: localhost:59669}, javascriptEnabled: true, networkConnectionEnabled: false, pageLoadStrategy: normal, platform: WINDOWS, platformName: WINDOWS, proxy: Proxy(), setWindowRect: true, strictFileInteractability: false, timeouts: {implicit: 0, pageLoad: 300000, script: 30000}, unhandledPromptBehavior: dismiss and notify, webauthn:virtualAuthenticators: true}
Session ID: 76fee0373c01a4f35a20042fdf2ee23a
</error>
  </testcase>
  <testcase name="Validar retorno da API na pesquisa de cursos" classname="Busca, filtragem e exibicao de detalhe dos cursos na homepage" time="22.906">
    <failure message="Total de resultados na pagina: 66&#10;Total de resultados API: 58" type="java.lang.AssertionError">java.lang.AssertionError: 
Total de resultados na pagina: 66
Total de resultados API: 58
</failure>
  </testcase>
</testsuite>